<?xml version="1.0" encoding="UTF-8"?>
<!-- Generated by org.testng.reporters.JUnitXMLReporter -->
<testsuite ignored="0" hostname="Nani" failures="0" tests="4" name="Default test" time="13.919" errors="0" timestamp="2024-12-26T19:30:56 IST">
  <testcase classname="api.test.UserTest" name="testPostUser" time="6.311"/>
  <testcase classname="api.test.UserTest" name="testGetUserByName" time="1.348"/>
  <testcase classname="api.test.UserTest" name="testUpdateUserByName" time="2.355"/>
  <testcase classname="api.test.UserTest" name="testDeleteUser" time="1.167"/>
</testsuite> <!-- Default test -->
