<?xml version="1.0" encoding="UTF-8"?>
<testng-results ignored="0" total="4" passed="4" failed="0" skipped="0">
  <reporter-output>
  </reporter-output>
  <suite started-at="2024-12-26T20:06:04 IST" name="PetSuite" finished-at="2024-12-26T20:06:18 IST" duration-ms="14592">
    <groups>
    </groups>
    <test started-at="2024-12-26T20:06:04 IST" name="PetTest" finished-at="2024-12-26T20:06:18 IST" duration-ms="14592">
      <class name="api.test.UserTest2">
        <test-method is-config="true" signature="setupData()[pri:0, instance:api.test.UserTest2@77f1baf5]" started-at="2024-12-26T20:06:04 IST" name="setupData" finished-at="2024-12-26T20:06:06 IST" duration-ms="2111" status="PASS">
          <reporter-output>
          </reporter-output>
        </test-method> <!-- setupData -->
        <test-method signature="testPostUser()[pri:1, instance:api.test.UserTest2@77f1baf5]" started-at="2024-12-26T20:06:06 IST" name="testPostUser" finished-at="2024-12-26T20:06:12 IST" duration-ms="6058" status="PASS">
          <reporter-output>
          </reporter-output>
        </test-method> <!-- testPostUser -->
        <test-method signature="testGetUserByName()[pri:2, instance:api.test.UserTest2@77f1baf5]" started-at="2024-12-26T20:06:13 IST" name="testGetUserByName" finished-at="2024-12-26T20:06:14 IST" duration-ms="1466" status="PASS">
          <reporter-output>
          </reporter-output>
        </test-method> <!-- testGetUserByName -->
        <test-method signature="testUpdateUserByName()[pri:3, instance:api.test.UserTest2@77f1baf5]" started-at="2024-12-26T20:06:14 IST" name="testUpdateUserByName" finished-at="2024-12-26T20:06:17 IST" duration-ms="2793" status="PASS">
          <reporter-output>
          </reporter-output>
        </test-method> <!-- testUpdateUserByName -->
        <test-method signature="testDeleteUser()[pri:4, instance:api.test.UserTest2@77f1baf5]" started-at="2024-12-26T20:06:17 IST" name="testDeleteUser" finished-at="2024-12-26T20:06:18 IST" duration-ms="1360" status="PASS">
          <reporter-output>
          </reporter-output>
        </test-method> <!-- testDeleteUser -->
      </class> <!-- api.test.UserTest2 -->
    </test> <!-- PetTest -->
  </suite> <!-- PetSuite -->
</testng-results>
