<?xml version="1.0" encoding="UTF-8"?>
<!-- Generated by org.testng.reporters.JUnitXMLReporter -->
<testsuite ignored="0" hostname="Nani" failures="0" tests="4" name="PetTest" time="14.592" errors="0" timestamp="2024-12-26T20:06:19 IST">
  <testcase classname="api.test.UserTest2" name="testPostUser" time="6.058"/>
  <testcase classname="api.test.UserTest2" name="testGetUserByName" time="1.466"/>
  <testcase classname="api.test.UserTest2" name="testUpdateUserByName" time="2.793"/>
  <testcase classname="api.test.UserTest2" name="testDeleteUser" time="1.36"/>
</testsuite> <!-- PetTest -->
